<?xml version="1.0" encoding="UTF-8"?>
<testng-results ignored="0" total="2" passed="2" failed="0" skipped="0">
  <reporter-output>
  </reporter-output>
  <suite started-at="2022-12-12T20:40:04 IST" name="Test on Chrome" finished-at="2022-12-12T20:40:25 IST" duration-ms="21219">
    <groups>
    </groups>
    <test started-at="2022-12-12T20:40:04 IST" name="Test on chrome browsers" finished-at="2022-12-12T20:40:17 IST" duration-ms="13495">
      <class name="loginData.CrossBrowserTesting1">
        <test-method signature="setUpBrowser(java.lang.String)[pri:0, instance:loginData.CrossBrowserTesting1@43195e57]" started-at="2022-12-12T20:40:04 IST" name="setUpBrowser" finished-at="2022-12-12T20:40:17 IST" duration-ms="13401" status="PASS">
          <params>
            <param index="0">
              <value>
                <![CDATA[chrome]]>
              </value>
            </param>
          </params>
          <reporter-output>
          </reporter-output>
        </test-method> <!-- setUpBrowser -->
      </class> <!-- loginData.CrossBrowserTesting1 -->
    </test> <!-- Test on chrome browsers -->
    <test started-at="2022-12-12T20:40:17 IST" name="Test on firefox browsers" finished-at="2022-12-12T20:40:25 IST" duration-ms="7464">
      <class name="loginData.CrossBrowserTesting1">
        <test-method signature="setUpBrowser(java.lang.String)[pri:0, instance:loginData.CrossBrowserTesting1@131774fe]" started-at="2022-12-12T20:40:17 IST" name="setUpBrowser" finished-at="2022-12-12T20:40:25 IST" duration-ms="7456" status="PASS">
          <params>
            <param index="0">
              <value>
                <![CDATA[firefox]]>
              </value>
            </param>
          </params>
          <reporter-output>
          </reporter-output>
        </test-method> <!-- setUpBrowser -->
      </class> <!-- loginData.CrossBrowserTesting1 -->
    </test> <!-- Test on firefox browsers -->
  </suite> <!-- Test on Chrome -->
</testng-results>
